Mono path[0] = 'C:/Program Files (x86)/Steam/steamapps/common/Potion Craft/Potion Craft_Data/Managed'
Mono config path = 'C:/Program Files (x86)/Steam/steamapps/common/Potion Craft/MonoBleedingEdge/etc'
Initialize engine version: 2021.3.8f1 (b30333d56e81)
[Subsystems] Discovering subsystems at path C:/Program Files (x86)/Steam/steamapps/common/Potion Craft/Potion Craft_Data/UnitySubsystems
GfxDevice: creating device client; threaded=1; jobified=0
Direct3D:
    Version:  Direct3D 11.0 [level 11.1]
    Renderer: Intel(R) Iris(R) Xe Graphics (ID=0x9a49)
    Vendor:   Intel
    VRAM:     3917 MB
    Driver:   30.0.101.1660
Begin MonoManager ReloadAssembly
- Completed reload, in  0.358 seconds
<RI> Initializing input.
<RI> Input initialized.
<RI> Initialized touch support.
UnloadTime: 0.902400 ms
Setting up 4 worker threads for Enlighten.
NullReferenceException
  at (wrapper managed-to-native) UnityEngine.Object.GetName(UnityEngine.Object)
  at UnityEngine.Object.get_name () [0x00001] in <baf221fb3c1b496184bd24cdf8d2cace>:0 
  at PotionCraft.ManagersSystem.RecipeMap.RecipeMapManager.OnSave () [0x0001a] in <6ec7e1d6ec5a496e83194200440e5286>:0 
  at UnityEngine.Events.InvokableCall.Invoke () [0x00010] in <baf221fb3c1b496184bd24cdf8d2cace>:0 
  at UnityEngine.Events.UnityEvent.Invoke () [0x00022] in <baf221fb3c1b496184bd24cdf8d2cace>:0 
  at PotionCraft.Core.OrderedEvent.Invoke () [0x00039] in <f79bdc1178c84410a1a1ae96dbda9a9b>:0 
  at PotionCraft.ManagersSystem.SaveLoad.SaveLoadManager.SaveStateAsNewSelected (System.Type type) [0x00066] in <6ec7e1d6ec5a496e83194200440e5286>:0 
  at PotionCraft.ManagersSystem.SaveLoad.SaveLoadManager.SaveProgressToPool (PotionCraft.SaveFileSystem.SavePool pool, System.Boolean showNotification, PotionCraft.SaveFileSystem.CustomName customName) [0x0000f] in <6ec7e1d6ec5a496e83194200440e5286>:0 
  at PotionCraft.ManagersSystem.SaveLoad.SaveLoadManager+<>c.<Initialize>b__24_0 () [0x00000] in <6ec7e1d6ec5a496e83194200440e5286>:0 
  at UnityEngine.Events.InvokableCall.Invoke () [0x00010] in <baf221fb3c1b496184bd24cdf8d2cace>:0 
  at UnityEngine.Events.UnityEvent.Invoke () [0x00022] in <baf221fb3c1b496184bd24cdf8d2cace>:0 
  at PotionCraft.Core.OrderedEvent.Invoke () [0x00039] in <f79bdc1178c84410a1a1ae96dbda9a9b>:0 
  at PotionCraft.Assemblies.ErrorCatcher.ErrorCatcher.HandleLog (System.String logString, System.String stackTrace, UnityEngine.LogType type) [0x0003a] in <e828249cf56f4de1bf9b5c8237ae48ab>:0 
  at (wrapper delegate-invoke) <Module>.invoke_void_string_string_LogType(string,string,UnityEngine.LogType)
  at UnityEngine.Application.CallLogCallback (System.String logString, System.String stackTrace, UnityEngine.LogType type, System.Boolean invokedOnMainThread) [0x00030] in <baf221fb3c1b496184bd24cdf8d2cace>:0 

Releasing render texture that is set as Camera.targetTexture!
Memory Statistics:
[ALLOC_TEMP_TLS] TLS Allocator
  StackAllocators : 
    [ALLOC_TEMP_MAIN]
      Peak usage frame count: [0-1.0 KB]: 31232 frames, [2.0 KB-4.0 KB]: 160 frames, [4.0 KB-8.0 KB]: 102269 frames, [8.0 KB-16.0 KB]: 10549 frames, [16.0 KB-32.0 KB]: 31600 frames, [32.0 KB-64.0 KB]: 9529 frames, [64.0 KB-128.0 KB]: 14653 frames, [128.0 KB-256.0 KB]: 43638 frames, [0.5 MB-1.0 MB]: 4 frames, [1.0 MB-2.0 MB]: 19 frames, [2.0 MB-4.0 MB]: 5 frames, [4.0 MB-8.0 MB]: 3 frames
      Initial Block Size 4.0 MB
      Current Block Size 8.0 MB
      Peak Allocated Bytes 7.7 MB
      Overflow Count 8270
    [ALLOC_TEMP_Loading.AsyncRead]
      Initial Block Size 64.0 KB
      Current Block Size 120.0 KB
      Peak Allocated Bytes 119.5 KB
      Overflow Count 0
    [ALLOC_TEMP_Loading.PreloadManager]
      Initial Block Size 256.0 KB
      Current Block Size 0.5 MB
      Peak Allocated Bytes 509.8 KB
      Overflow Count 33651
    [ALLOC_TEMP_Background Job.Worker 8]
      Initial Block Size 32.0 KB
      Current Block Size 32.0 KB
      Peak Allocated Bytes 54 B
      Overflow Count 0
    [ALLOC_TEMP_Job.Worker 6]
      Initial Block Size 256.0 KB
      Current Block Size 256.0 KB
      Peak Allocated Bytes 21.4 KB
      Overflow Count 0
    [ALLOC_TEMP_Job.Worker 0]
      Initial Block Size 256.0 KB
      Current Block Size 256.0 KB
      Peak Allocated Bytes 21.4 KB
      Overflow Count 0
    [ALLOC_TEMP_Background Job.Worker 10]
      Initial Block Size 32.0 KB
      Current Block Size 32.0 KB
      Peak Allocated Bytes 54 B
      Overflow Count 0
    [ALLOC_TEMP_Background Job.Worker 9]
      Initial Block Size 32.0 KB
      Current Block Size 32.0 KB
      Peak Allocated Bytes 54 B
      Overflow Count 0
    [ALLOC_TEMP_Job.Worker 5]
      Initial Block Size 256.0 KB
      Current Block Size 256.0 KB
      Peak Allocated Bytes 21.4 KB
      Overflow Count 0
    [ALLOC_TEMP_Background Job.Worker 14]
      Initial Block Size 32.0 KB
      Current Block Size 32.0 KB
      Peak Allocated Bytes 54 B
      Overflow Count 0
    [ALLOC_TEMP_Background Job.Worker 6]
      Initial Block Size 32.0 KB
      Current Block Size 32.0 KB
      Peak Allocated Bytes 54 B
      Overflow Count 0
    [ALLOC_TEMP_Job.Worker 4]
      Initial Block Size 256.0 KB
      Current Block Size 256.0 KB
      Peak Allocated Bytes 21.4 KB
      Overflow Count 0
    [ALLOC_TEMP_Job.Worker 3]
      Initial Block Size 256.0 KB
      Current Block Size 256.0 KB
      Peak Allocated Bytes 21.4 KB
      Overflow Count 0
    [ALLOC_TEMP_Background Job.Worker 12]
      Initial Block Size 32.0 KB
      Current Block Size 32.0 KB
      Peak Allocated Bytes 54 B
      Overflow Count 0
    [ALLOC_TEMP_EnlightenWorker] x 4
      Initial Block Size 64.0 KB
      Current Block Size 64.0 KB
      Peak Allocated Bytes 54 B
      Overflow Count 0
    [ALLOC_TEMP_Background Job.Worker 15]
      Initial Block Size 32.0 KB
      Current Block Size 32.0 KB
      Peak Allocated Bytes 54 B
      Overflow Count 0
    [ALLOC_TEMP_Background Job.Worker 1]
      Initial Block Size 32.0 KB
      Current Block Size 32.0 KB
      Peak Allocated Bytes 54 B
      Overflow Count 0
    [ALLOC_TEMP_Background Job.Worker 2]
      Initial Block Size 32.0 KB
      Current Block Size 56.0 KB
      Peak Allocated Bytes 52.1 KB
      Overflow Count 2
    [ALLOC_TEMP_Background Job.Worker 7]
      Initial Block Size 32.0 KB
      Current Block Size 32.0 KB
      Peak Allocated Bytes 54 B
      Overflow Count 0
    [ALLOC_TEMP_UnityGfxDeviceWorker]
      Initial Block Size 256.0 KB
      Current Block Size 256.0 KB
      Peak Allocated Bytes 21.4 KB
      Overflow Count 0
    [ALLOC_TEMP_AssetGarbageCollectorHelper] x 7
      Initial Block Size 64.0 KB
      Current Block Size 64.0 KB
      Peak Allocated Bytes 0 B
      Overflow Count 0
    [ALLOC_TEMP_Background Job.Worker 5]
      Initial Block Size 32.0 KB
      Current Block Size 32.0 KB
      Peak Allocated Bytes 54 B
      Overflow Count 0
    [ALLOC_TEMP_Background Job.Worker 13]
      Initial Block Size 32.0 KB
      Current Block Size 32.0 KB
      Peak Allocated Bytes 54 B
      Overflow Count 0
    [ALLOC_TEMP_Job.Worker 1]
      Initial Block Size 256.0 KB
      Current Block Size 256.0 KB
      Peak Allocated Bytes 21.4 KB
      Overflow Count 0
    [ALLOC_TEMP_Job.Worker 2]
      Initial Block Size 256.0 KB
      Current Block Size 256.0 KB
      Peak Allocated Bytes 21.4 KB
      Overflow Count 0
    [ALLOC_TEMP_Background Job.Worker 3]
      Initial Block Size 32.0 KB
      Current Block Size 36.0 KB
      Peak Allocated Bytes 32.0 KB
      Overflow Count 0
    [ALLOC_TEMP_Background Job.Worker 11]
      Initial Block Size 32.0 KB
      Current Block Size 32.0 KB
      Peak Allocated Bytes 54 B
      Overflow Count 0
    [ALLOC_TEMP_Background Job.Worker 0]
      Initial Block Size 32.0 KB
      Current Block Size 32.0 KB
      Peak Allocated Bytes 54 B
      Overflow Count 0
    [ALLOC_TEMP_Background Job.Worker 4]
      Initial Block Size 32.0 KB
      Current Block Size 32.0 KB
      Peak Allocated Bytes 54 B
      Overflow Count 0
    [ALLOC_TEMP_BatchDeleteObjects]
      Initial Block Size 64.0 KB
      Current Block Size 64.0 KB
      Peak Allocated Bytes 54 B
      Overflow Count 0
[ALLOC_DEFAULT] Dual Thread Allocator
  Peak main deferred allocation count 127097
    [ALLOC_BUCKET]
      Large Block size 4.0 MB
      Used Block count 1
      Peak Allocated bytes 4.0 MB
      Failed Allocations. Bucket layout:
        16B: 3 Subsections = 3072 buckets. Failed count: 877241
        32B: 12 Subsections = 6144 buckets. Failed count: 814289
        48B: 30 Subsections = 10240 buckets. Failed count: 2256755
        64B: 27 Subsections = 6912 buckets. Failed count: 308465
        80B: 27 Subsections = 5529 buckets. Failed count: 442465
        96B: 122 Subsections = 20821 buckets. Failed count: 76703
        112B: 22 Subsections = 3218 buckets. Failed count: 237356
        128B: 13 Subsections = 1664 buckets. Failed count: 245888
    [ALLOC_DEFAULT_MAIN]
      Peak usage frame count: [8.0 MB-16.0 MB]: 20144 frames, [16.0 MB-32.0 MB]: 11130 frames, [64.0 MB-128.0 MB]: 4 frames, [128.0 MB-256.0 MB]: 212383 frames
      Requested Block Size 16.0 MB
      Peak Block count 13
      Peak Allocated memory 178.1 MB
      Peak Large allocation bytes 36.0 MB
    [ALLOC_DEFAULT_THREAD]
      Peak usage frame count: [16.0 MB-32.0 MB]: 20560 frames, [32.0 MB-64.0 MB]: 2707 frames, [64.0 MB-128.0 MB]: 8005 frames, [128.0 MB-256.0 MB]: 212389 frames
      Requested Block Size 16.0 MB
      Peak Block count 11
      Peak Allocated memory 167.0 MB
      Peak Large allocation bytes 52.0 MB
[ALLOC_TEMP_JOB_1_FRAME]
  Initial Block Size 2.0 MB
  Used Block Count 1
  Overflow Count (too large) 0
  Overflow Count (full) 0
[ALLOC_TEMP_JOB_2_FRAMES]
  Initial Block Size 2.0 MB
  Used Block Count 1
  Overflow Count (too large) 0
  Overflow Count (full) 0
[ALLOC_TEMP_JOB_4_FRAMES (JobTemp)]
  Initial Block Size 2.0 MB
  Used Block Count 10
  Overflow Count (too large) 0
  Overflow Count (full) 0
[ALLOC_TEMP_JOB_ASYNC (Background)]
  Initial Block Size 1.0 MB
  Used Block Count 13
  Overflow Count (too large) 0
  Overflow Count (full) 0
[ALLOC_GFX] Dual Thread Allocator
  Peak main deferred allocation count 16
    [ALLOC_BUCKET]
      Large Block size 4.0 MB
      Used Block count 1
      Peak Allocated bytes 4.0 MB
      Failed Allocations. Bucket layout:
        16B: 3 Subsections = 3072 buckets. Failed count: 877241
        32B: 12 Subsections = 6144 buckets. Failed count: 814289
        48B: 30 Subsections = 10240 buckets. Failed count: 2256755
        64B: 27 Subsections = 6912 buckets. Failed count: 308465
        80B: 27 Subsections = 5529 buckets. Failed count: 442465
        96B: 122 Subsections = 20821 buckets. Failed count: 76703
        112B: 22 Subsections = 3218 buckets. Failed count: 237356
        128B: 13 Subsections = 1664 buckets. Failed count: 245888
    [ALLOC_GFX_MAIN]
      Peak usage frame count: [32.0 KB-64.0 KB]: 20403 frames, [64.0 KB-128.0 KB]: 555 frames, [128.0 KB-256.0 KB]: 3743 frames, [256.0 KB-0.5 MB]: 5649 frames, [0.5 MB-1.0 MB]: 922 frames, [1.0 MB-2.0 MB]: 1 frames, [2.0 MB-4.0 MB]: 1 frames, [4.0 MB-8.0 MB]: 10 frames, [8.0 MB-16.0 MB]: 21 frames, [16.0 MB-32.0 MB]: 188379 frames, [32.0 MB-64.0 MB]: 23977 frames
      Requested Block Size 16.0 MB
      Peak Block count 3
      Peak Allocated memory 34.5 MB
      Peak Large allocation bytes 0 B
    [ALLOC_GFX_THREAD]
      Peak usage frame count: [1.0 KB-2.0 KB]: 19842 frames, [4.0 MB-8.0 MB]: 134 frames, [8.0 MB-16.0 MB]: 49 frames, [16.0 MB-32.0 MB]: 78 frames, [32.0 MB-64.0 MB]: 1230 frames, [64.0 MB-128.0 MB]: 9917 frames, [128.0 MB-256.0 MB]: 212411 frames
      Requested Block Size 16.0 MB
      Peak Block count 12
      Peak Allocated memory 141.7 MB
      Peak Large allocation bytes 0 B
[ALLOC_CACHEOBJECTS] Dual Thread Allocator
  Peak main deferred allocation count 28
    [ALLOC_BUCKET]
      Large Block size 4.0 MB
      Used Block count 1
      Peak Allocated bytes 4.0 MB
      Failed Allocations. Bucket layout:
        16B: 3 Subsections = 3072 buckets. Failed count: 877241
        32B: 12 Subsections = 6144 buckets. Failed count: 814289
        48B: 30 Subsections = 10240 buckets. Failed count: 2256755
        64B: 27 Subsections = 6912 buckets. Failed count: 308465
        80B: 27 Subsections = 5529 buckets. Failed count: 442465
        96B: 122 Subsections = 20821 buckets. Failed count: 76703
        112B: 22 Subsections = 3218 buckets. Failed count: 237356
        128B: 13 Subsections = 1664 buckets. Failed count: 245888
    [ALLOC_CACHEOBJECTS_MAIN]
      Peak usage frame count: [0.5 MB-1.0 MB]: 19830 frames, [1.0 MB-2.0 MB]: 1 frames, [2.0 MB-4.0 MB]: 11443 frames, [8.0 MB-16.0 MB]: 41 frames, [16.0 MB-32.0 MB]: 212346 frames
      Requested Block Size 4.0 MB
      Peak Block count 1
      Peak Allocated memory 27.0 MB
      Peak Large allocation bytes 24.4 MB
    [ALLOC_CACHEOBJECTS_THREAD]
      Peak usage frame count: [256.0 KB-0.5 MB]: 4 frames, [1.0 MB-2.0 MB]: 4 frames, [2.0 MB-4.0 MB]: 19598 frames, [4.0 MB-8.0 MB]: 50 frames, [8.0 MB-16.0 MB]: 158 frames, [16.0 MB-32.0 MB]: 129 frames, [32.0 MB-64.0 MB]: 180 frames, [64.0 MB-128.0 MB]: 10908 frames, [128.0 MB-256.0 MB]: 241 frames, [256.0 MB-0.50 GB]: 212387 frames, [0.50 GB-1.00 GB]: 2 frames
      Requested Block Size 4.0 MB
      Peak Block count 58
      Peak Allocated memory 0.52 GB
      Peak Large allocation bytes 337.8 MB
[ALLOC_TYPETREE] Dual Thread Allocator
  Peak main deferred allocation count 0
    [ALLOC_BUCKET]
      Large Block size 4.0 MB
      Used Block count 1
      Peak Allocated bytes 4.0 MB
      Failed Allocations. Bucket layout:
        16B: 3 Subsections = 3072 buckets. Failed count: 877241
        32B: 12 Subsections = 6144 buckets. Failed count: 814289
        48B: 30 Subsections = 10240 buckets. Failed count: 2256755
        64B: 27 Subsections = 6912 buckets. Failed count: 308465
        80B: 27 Subsections = 5529 buckets. Failed count: 442465
        96B: 122 Subsections = 20821 buckets. Failed count: 76703
        112B: 22 Subsections = 3218 buckets. Failed count: 237356
        128B: 13 Subsections = 1664 buckets. Failed count: 245888
    [ALLOC_TYPETREE_MAIN]
      Peak usage frame count: [2.0 KB-4.0 KB]: 31272 frames, [8.0 KB-16.0 KB]: 48318 frames, [16.0 KB-32.0 KB]: 164071 frames
      Requested Block Size 2.0 MB
      Peak Block count 1
      Peak Allocated memory 29.3 KB
      Peak Large allocation bytes 0 B
    [ALLOC_TYPETREE_THREAD]
      Peak usage frame count: [1.0 KB-2.0 KB]: 4 frames, [64.0 KB-128.0 KB]: 19605 frames, [256.0 KB-0.5 MB]: 1 frames, [0.5 MB-1.0 MB]: 1 frames, [1.0 MB-2.0 MB]: 262 frames, [2.0 MB-4.0 MB]: 5803 frames, [4.0 MB-8.0 MB]: 217985 frames
      Requested Block Size 2.0 MB
      Peak Block count 3
      Peak Allocated memory 4.8 MB
      Peak Large allocation bytes 0 B
