Mono path[0] = 'C:/Program Files (x86)/Steam/steamapps/common/Potion Craft/Potion Craft_Data/Managed'
Mono config path = 'C:/Program Files (x86)/Steam/steamapps/common/Potion Craft/MonoBleedingEdge/etc'
Initialize engine version: 2021.3.8f1 (b30333d56e81)
[Subsystems] Discovering subsystems at path C:/Program Files (x86)/Steam/steamapps/common/Potion Craft/Potion Craft_Data/UnitySubsystems
GfxDevice: creating device client; threaded=1; jobified=0
Direct3D:
    Version:  Direct3D 11.0 [level 11.1]
    Renderer: Intel(R) Iris(R) Xe Graphics (ID=0x9a49)
    Vendor:   Intel
    VRAM:     3917 MB
    Driver:   30.0.101.1660
Begin MonoManager ReloadAssembly
- Completed reload, in  0.696 seconds
<RI> Initializing input.
<RI> Input initialized.
<RI> Initialized touch support.
UnloadTime: 1.344400 ms
Setting up 4 worker threads for Enlighten.
NullReferenceException
  at (wrapper managed-to-native) UnityEngine.Object.GetName(UnityEngine.Object)
  at UnityEngine.Object.get_name () [0x00001] in <baf221fb3c1b496184bd24cdf8d2cace>:0 
  at PotionCraft.ManagersSystem.RecipeMap.RecipeMapManager.OnSave () [0x0001a] in <6ec7e1d6ec5a496e83194200440e5286>:0 
  at UnityEngine.Events.InvokableCall.Invoke () [0x00010] in <baf221fb3c1b496184bd24cdf8d2cace>:0 
  at UnityEngine.Events.UnityEvent.Invoke () [0x00022] in <baf221fb3c1b496184bd24cdf8d2cace>:0 
  at PotionCraft.Core.OrderedEvent.Invoke () [0x00039] in <f79bdc1178c84410a1a1ae96dbda9a9b>:0 
  at PotionCraft.ManagersSystem.SaveLoad.SaveLoadManager.SaveStateAsNewSelected (System.Type type) [0x00066] in <6ec7e1d6ec5a496e83194200440e5286>:0 
  at PotionCraft.ManagersSystem.SaveLoad.SaveLoadManager.SaveProgressToPool (PotionCraft.SaveFileSystem.SavePool pool, System.Boolean showNotification, PotionCraft.SaveFileSystem.CustomName customName) [0x0000f] in <6ec7e1d6ec5a496e83194200440e5286>:0 
  at PotionCraft.ManagersSystem.SaveLoad.SaveLoadManager+<>c.<Initialize>b__24_0 () [0x00000] in <6ec7e1d6ec5a496e83194200440e5286>:0 
  at UnityEngine.Events.InvokableCall.Invoke () [0x00010] in <baf221fb3c1b496184bd24cdf8d2cace>:0 
  at UnityEngine.Events.UnityEvent.Invoke () [0x00022] in <baf221fb3c1b496184bd24cdf8d2cace>:0 
  at PotionCraft.Core.OrderedEvent.Invoke () [0x00039] in <f79bdc1178c84410a1a1ae96dbda9a9b>:0 
  at PotionCraft.Assemblies.ErrorCatcher.ErrorCatcher.HandleLog (System.String logString, System.String stackTrace, UnityEngine.LogType type) [0x0003a] in <e828249cf56f4de1bf9b5c8237ae48ab>:0 
  at (wrapper delegate-invoke) <Module>.invoke_void_string_string_LogType(string,string,UnityEngine.LogType)
  at UnityEngine.Application.CallLogCallback (System.String logString, System.String stackTrace, UnityEngine.LogType type, System.Boolean invokedOnMainThread) [0x00030] in <baf221fb3c1b496184bd24cdf8d2cace>:0 

Releasing render texture that is set as Camera.targetTexture!
<color=#ff7337><color=#0099bc><b>DOTWEEN ► </b></color> SAFE MODE ►</color> DOTween's safe mode captured 4 errors. This is usually ok (it's what safe mode is there for) but if your game is encountering issues you should set Log Behaviour to Default in DOTween Utility Panel in order to get detailed warnings when an error is captured (consider that these errors are always on the user side).
- 4 missing target or field errors
Memory Statistics:
[ALLOC_TEMP_TLS] TLS Allocator
  StackAllocators : 
    [ALLOC_TEMP_MAIN]
      Peak usage frame count: [0-1.0 KB]: 30646 frames, [1.0 KB-2.0 KB]: 1 frames, [2.0 KB-4.0 KB]: 306 frames, [4.0 KB-8.0 KB]: 81773 frames, [8.0 KB-16.0 KB]: 16848 frames, [16.0 KB-32.0 KB]: 57758 frames, [32.0 KB-64.0 KB]: 14425 frames, [64.0 KB-128.0 KB]: 6530 frames, [128.0 KB-256.0 KB]: 54900 frames, [256.0 KB-0.5 MB]: 2 frames, [0.5 MB-1.0 MB]: 26 frames, [1.0 MB-2.0 MB]: 9 frames, [2.0 MB-4.0 MB]: 12 frames, [4.0 MB-8.0 MB]: 6 frames
      Initial Block Size 4.0 MB
      Current Block Size 8.0 MB
      Peak Allocated Bytes 7.7 MB
      Overflow Count 8270
    [ALLOC_TEMP_Loading.AsyncRead]
      Initial Block Size 64.0 KB
      Current Block Size 120.0 KB
      Peak Allocated Bytes 119.5 KB
      Overflow Count 0
    [ALLOC_TEMP_Loading.PreloadManager]
      Initial Block Size 256.0 KB
      Current Block Size 0.5 MB
      Peak Allocated Bytes 510.9 KB
      Overflow Count 33648
    [ALLOC_TEMP_Background Job.Worker 8]
      Initial Block Size 32.0 KB
      Current Block Size 32.0 KB
      Peak Allocated Bytes 54 B
      Overflow Count 0
    [ALLOC_TEMP_Job.Worker 6]
      Initial Block Size 256.0 KB
      Current Block Size 256.0 KB
      Peak Allocated Bytes 21.4 KB
      Overflow Count 0
    [ALLOC_TEMP_Job.Worker 0]
      Initial Block Size 256.0 KB
      Current Block Size 256.0 KB
      Peak Allocated Bytes 21.4 KB
      Overflow Count 0
    [ALLOC_TEMP_Background Job.Worker 10]
      Initial Block Size 32.0 KB
      Current Block Size 32.0 KB
      Peak Allocated Bytes 54 B
      Overflow Count 0
    [ALLOC_TEMP_Background Job.Worker 9]
      Initial Block Size 32.0 KB
      Current Block Size 32.0 KB
      Peak Allocated Bytes 54 B
      Overflow Count 0
    [ALLOC_TEMP_Job.Worker 5]
      Initial Block Size 256.0 KB
      Current Block Size 256.0 KB
      Peak Allocated Bytes 21.4 KB
      Overflow Count 0
    [ALLOC_TEMP_Background Job.Worker 14]
      Initial Block Size 32.0 KB
      Current Block Size 32.0 KB
      Peak Allocated Bytes 54 B
      Overflow Count 0
    [ALLOC_TEMP_Background Job.Worker 6]
      Initial Block Size 32.0 KB
      Current Block Size 36.0 KB
      Peak Allocated Bytes 32.0 KB
      Overflow Count 0
    [ALLOC_TEMP_Job.Worker 4]
      Initial Block Size 256.0 KB
      Current Block Size 256.0 KB
      Peak Allocated Bytes 21.4 KB
      Overflow Count 0
    [ALLOC_TEMP_Job.Worker 3]
      Initial Block Size 256.0 KB
      Current Block Size 256.0 KB
      Peak Allocated Bytes 21.4 KB
      Overflow Count 0
    [ALLOC_TEMP_Background Job.Worker 12]
      Initial Block Size 32.0 KB
      Current Block Size 32.0 KB
      Peak Allocated Bytes 54 B
      Overflow Count 0
    [ALLOC_TEMP_EnlightenWorker] x 4
      Initial Block Size 64.0 KB
      Current Block Size 64.0 KB
      Peak Allocated Bytes 54 B
      Overflow Count 0
    [ALLOC_TEMP_Background Job.Worker 15]
      Initial Block Size 32.0 KB
      Current Block Size 32.0 KB
      Peak Allocated Bytes 54 B
      Overflow Count 0
    [ALLOC_TEMP_Background Job.Worker 1]
      Initial Block Size 32.0 KB
      Current Block Size 32.0 KB
      Peak Allocated Bytes 54 B
      Overflow Count 0
    [ALLOC_TEMP_Background Job.Worker 2]
      Initial Block Size 32.0 KB
      Current Block Size 32.0 KB
      Peak Allocated Bytes 54 B
      Overflow Count 0
    [ALLOC_TEMP_Background Job.Worker 7]
      Initial Block Size 32.0 KB
      Current Block Size 32.0 KB
      Peak Allocated Bytes 54 B
      Overflow Count 0
    [ALLOC_TEMP_UnityGfxDeviceWorker]
      Initial Block Size 256.0 KB
      Current Block Size 256.0 KB
      Peak Allocated Bytes 21.4 KB
      Overflow Count 0
    [ALLOC_TEMP_AssetGarbageCollectorHelper] x 7
      Initial Block Size 64.0 KB
      Current Block Size 64.0 KB
      Peak Allocated Bytes 0 B
      Overflow Count 0
    [ALLOC_TEMP_Background Job.Worker 5]
      Initial Block Size 32.0 KB
      Current Block Size 32.0 KB
      Peak Allocated Bytes 54 B
      Overflow Count 0
    [ALLOC_TEMP_Background Job.Worker 13]
      Initial Block Size 32.0 KB
      Current Block Size 32.0 KB
      Peak Allocated Bytes 54 B
      Overflow Count 0
    [ALLOC_TEMP_Job.Worker 1]
      Initial Block Size 256.0 KB
      Current Block Size 256.0 KB
      Peak Allocated Bytes 21.4 KB
      Overflow Count 0
    [ALLOC_TEMP_Job.Worker 2]
      Initial Block Size 256.0 KB
      Current Block Size 256.0 KB
      Peak Allocated Bytes 21.4 KB
      Overflow Count 0
    [ALLOC_TEMP_Background Job.Worker 3]
      Initial Block Size 32.0 KB
      Current Block Size 32.0 KB
      Peak Allocated Bytes 54 B
      Overflow Count 0
    [ALLOC_TEMP_Background Job.Worker 11]
      Initial Block Size 32.0 KB
      Current Block Size 32.0 KB
      Peak Allocated Bytes 54 B
      Overflow Count 0
    [ALLOC_TEMP_Background Job.Worker 0]
      Initial Block Size 32.0 KB
      Current Block Size 56.0 KB
      Peak Allocated Bytes 52.1 KB
      Overflow Count 2
    [ALLOC_TEMP_Background Job.Worker 4]
      Initial Block Size 32.0 KB
      Current Block Size 32.0 KB
      Peak Allocated Bytes 54 B
      Overflow Count 0
    [ALLOC_TEMP_BatchDeleteObjects]
      Initial Block Size 64.0 KB
      Current Block Size 64.0 KB
      Peak Allocated Bytes 54 B
      Overflow Count 0
[ALLOC_DEFAULT] Dual Thread Allocator
  Peak main deferred allocation count 100554
    [ALLOC_BUCKET]
      Large Block size 4.0 MB
      Used Block count 1
      Peak Allocated bytes 4.0 MB
      Failed Allocations. Bucket layout:
        16B: 4 Subsections = 4096 buckets. Failed count: 1057047
        32B: 12 Subsections = 6144 buckets. Failed count: 903861
        48B: 30 Subsections = 10240 buckets. Failed count: 2672469
        64B: 26 Subsections = 6656 buckets. Failed count: 393602
        80B: 27 Subsections = 5529 buckets. Failed count: 508362
        96B: 122 Subsections = 20821 buckets. Failed count: 34273
        112B: 22 Subsections = 3218 buckets. Failed count: 646458
        128B: 13 Subsections = 1664 buckets. Failed count: 285518
    [ALLOC_DEFAULT_MAIN]
      Peak usage frame count: [8.0 MB-16.0 MB]: 18437 frames, [16.0 MB-32.0 MB]: 12292 frames, [32.0 MB-64.0 MB]: 1 frames, [64.0 MB-128.0 MB]: 3 frames, [128.0 MB-256.0 MB]: 232509 frames
      Requested Block Size 16.0 MB
      Peak Block count 13
      Peak Allocated memory 224.0 MB
      Peak Large allocation bytes 72.0 MB
    [ALLOC_DEFAULT_THREAD]
      Peak usage frame count: [16.0 MB-32.0 MB]: 19750 frames, [32.0 MB-64.0 MB]: 1749 frames, [64.0 MB-128.0 MB]: 9225 frames, [128.0 MB-256.0 MB]: 232518 frames
      Requested Block Size 16.0 MB
      Peak Block count 11
      Peak Allocated memory 166.5 MB
      Peak Large allocation bytes 52.0 MB
[ALLOC_TEMP_JOB_1_FRAME]
  Initial Block Size 2.0 MB
  Used Block Count 1
  Overflow Count (too large) 0
  Overflow Count (full) 0
[ALLOC_TEMP_JOB_2_FRAMES]
  Initial Block Size 2.0 MB
  Used Block Count 1
  Overflow Count (too large) 0
  Overflow Count (full) 0
[ALLOC_TEMP_JOB_4_FRAMES (JobTemp)]
  Initial Block Size 2.0 MB
  Used Block Count 7
  Overflow Count (too large) 0
  Overflow Count (full) 0
[ALLOC_TEMP_JOB_ASYNC (Background)]
  Initial Block Size 1.0 MB
  Used Block Count 16
  Overflow Count (too large) 0
  Overflow Count (full) 0
[ALLOC_GFX] Dual Thread Allocator
  Peak main deferred allocation count 16
    [ALLOC_BUCKET]
      Large Block size 4.0 MB
      Used Block count 1
      Peak Allocated bytes 4.0 MB
      Failed Allocations. Bucket layout:
        16B: 4 Subsections = 4096 buckets. Failed count: 1057047
        32B: 12 Subsections = 6144 buckets. Failed count: 903861
        48B: 30 Subsections = 10240 buckets. Failed count: 2672469
        64B: 26 Subsections = 6656 buckets. Failed count: 393602
        80B: 27 Subsections = 5529 buckets. Failed count: 508362
        96B: 122 Subsections = 20821 buckets. Failed count: 34273
        112B: 22 Subsections = 3218 buckets. Failed count: 646458
        128B: 13 Subsections = 1664 buckets. Failed count: 285518
    [ALLOC_GFX_MAIN]
      Peak usage frame count: [32.0 KB-64.0 KB]: 19174 frames, [64.0 KB-128.0 KB]: 1383 frames, [128.0 KB-256.0 KB]: 2719 frames, [256.0 KB-0.5 MB]: 5574 frames, [0.5 MB-1.0 MB]: 1876 frames, [1.0 MB-2.0 MB]: 1 frames, [2.0 MB-4.0 MB]: 1 frames, [4.0 MB-8.0 MB]: 10 frames, [8.0 MB-16.0 MB]: 10 frames, [16.0 MB-32.0 MB]: 4655 frames, [32.0 MB-64.0 MB]: 227839 frames
      Requested Block Size 16.0 MB
      Peak Block count 4
      Peak Allocated memory 47.2 MB
      Peak Large allocation bytes 0 B
    [ALLOC_GFX_THREAD]
      Peak usage frame count: [1.0 KB-2.0 KB]: 18023 frames, [4.0 MB-8.0 MB]: 164 frames, [8.0 MB-16.0 MB]: 57 frames, [16.0 MB-32.0 MB]: 143 frames, [32.0 MB-64.0 MB]: 2455 frames, [64.0 MB-128.0 MB]: 9859 frames, [128.0 MB-256.0 MB]: 232541 frames
      Requested Block Size 16.0 MB
      Peak Block count 12
      Peak Allocated memory 141.8 MB
      Peak Large allocation bytes 0 B
[ALLOC_CACHEOBJECTS] Dual Thread Allocator
  Peak main deferred allocation count 28
    [ALLOC_BUCKET]
      Large Block size 4.0 MB
      Used Block count 1
      Peak Allocated bytes 4.0 MB
      Failed Allocations. Bucket layout:
        16B: 4 Subsections = 4096 buckets. Failed count: 1057047
        32B: 12 Subsections = 6144 buckets. Failed count: 903861
        48B: 30 Subsections = 10240 buckets. Failed count: 2672469
        64B: 26 Subsections = 6656 buckets. Failed count: 393602
        80B: 27 Subsections = 5529 buckets. Failed count: 508362
        96B: 122 Subsections = 20821 buckets. Failed count: 34273
        112B: 22 Subsections = 3218 buckets. Failed count: 646458
        128B: 13 Subsections = 1664 buckets. Failed count: 285518
    [ALLOC_CACHEOBJECTS_MAIN]
      Peak usage frame count: [0.5 MB-1.0 MB]: 18011 frames, [1.0 MB-2.0 MB]: 1 frames, [2.0 MB-4.0 MB]: 12718 frames, [8.0 MB-16.0 MB]: 29 frames, [16.0 MB-32.0 MB]: 232483 frames
      Requested Block Size 4.0 MB
      Peak Block count 1
      Peak Allocated memory 27.0 MB
      Peak Large allocation bytes 24.4 MB
    [ALLOC_CACHEOBJECTS_THREAD]
      Peak usage frame count: [256.0 KB-0.5 MB]: 4 frames, [1.0 MB-2.0 MB]: 5 frames, [2.0 MB-4.0 MB]: 17790 frames, [4.0 MB-8.0 MB]: 47 frames, [8.0 MB-16.0 MB]: 150 frames, [16.0 MB-32.0 MB]: 151 frames, [32.0 MB-64.0 MB]: 262 frames, [64.0 MB-128.0 MB]: 12077 frames, [128.0 MB-256.0 MB]: 239 frames, [256.0 MB-0.50 GB]: 232514 frames, [0.50 GB-1.00 GB]: 3 frames
      Requested Block Size 4.0 MB
      Peak Block count 58
      Peak Allocated memory 0.52 GB
      Peak Large allocation bytes 337.8 MB
[ALLOC_TYPETREE] Dual Thread Allocator
  Peak main deferred allocation count 0
    [ALLOC_BUCKET]
      Large Block size 4.0 MB
      Used Block count 1
      Peak Allocated bytes 4.0 MB
      Failed Allocations. Bucket layout:
        16B: 4 Subsections = 4096 buckets. Failed count: 1057047
        32B: 12 Subsections = 6144 buckets. Failed count: 903861
        48B: 30 Subsections = 10240 buckets. Failed count: 2672469
        64B: 26 Subsections = 6656 buckets. Failed count: 393602
        80B: 27 Subsections = 5529 buckets. Failed count: 508362
        96B: 122 Subsections = 20821 buckets. Failed count: 34273
        112B: 22 Subsections = 3218 buckets. Failed count: 646458
        128B: 13 Subsections = 1664 buckets. Failed count: 285518
    [ALLOC_TYPETREE_MAIN]
      Peak usage frame count: [2.0 KB-4.0 KB]: 30725 frames, [8.0 KB-16.0 KB]: 493 frames, [16.0 KB-32.0 KB]: 232024 frames
      Requested Block Size 2.0 MB
      Peak Block count 1
      Peak Allocated memory 28.1 KB
      Peak Large allocation bytes 0 B
    [ALLOC_TYPETREE_THREAD]
      Peak usage frame count: [1.0 KB-2.0 KB]: 4 frames, [64.0 KB-128.0 KB]: 17799 frames, [0.5 MB-1.0 MB]: 1 frames, [1.0 MB-2.0 MB]: 253 frames, [2.0 MB-4.0 MB]: 5642 frames, [4.0 MB-8.0 MB]: 239543 frames
      Requested Block Size 2.0 MB
      Peak Block count 3
      Peak Allocated memory 4.8 MB
      Peak Large allocation bytes 0 B
